Flutter crash report.
Please report a bug at https://github.com/flutter/flutter/issues.

## command

flutter run --machine --start-paused -d emulator-5554 --devtools-server-address http://127.0.0.1:9100/ --target C:\Users\hardi\Documents\GitHub\design_ideaz_app\lib\main.dart

## exception

StateError: Bad state: WebSocketChannelException: HttpException: Connection closed before full header was received, uri = http://127.0.0.1:51127/nhlGlSizNkw=/ws

```
#0      DartDevelopmentService.startDartDevelopmentService (package:flutter_tools/src/base/dds.dart:114:9)
<asynchronous suspension>
#1      FlutterDevice.connect.<anonymous closure> (package:flutter_tools/src/resident_runner.dart:295:11)
<asynchronous suspension>
```

## flutter doctor

```
[✓] Flutter (Channel master, 3.27.0-1.0.pre.346, on Microsoft Windows [Version 10.0.22631.4391], locale en-IN)
    • Flutter version 3.27.0-1.0.pre.346 on channel master at C:\dev\flutter
    • Upstream repository https://github.com/flutter/flutter.git
    • Framework revision 574b7e765d (4 days ago), 2024-11-02 11:57:29 +0800
    • Engine revision 05cb5d7f79
    • Dart version 3.7.0 (build 3.7.0-95.0.dev)
    • DevTools version 2.40.1

[✓] Windows Version (11 Home Single Language 64-bit, 23H2, 2009)

[✓] Android toolchain - develop for Android devices (Android SDK version 35.0.0)
    • Android SDK at C:\Users\hardi\AppData\Local\Android\sdk
    • Platform android-35, build-tools 35.0.0
    • Java binary at: C:\Program Files\Android\Android Studio\jbr\bin\java
    • Java version OpenJDK Runtime Environment (build 21.0.3+-12282718-b509.11)
    • All Android licenses accepted.

[✓] Chrome - develop for the web
    • Chrome at C:\Program Files\Google\Chrome\Application\chrome.exe

[✓] Visual Studio - develop Windows apps (Visual Studio Community 2022 17.10.3)
    • Visual Studio at C:\Program Files\Microsoft Visual Studio\2022\Community
    • Visual Studio Community 2022 version 17.10.35013.160
    • Windows 10 SDK version 10.0.22621.0

[✓] Android Studio (version 2024.2)
    • Android Studio at C:\Program Files\Android\Android Studio
    • Flutter plugin can be installed from:
      🔨 https://plugins.jetbrains.com/plugin/9212-flutter
    • Dart plugin can be installed from:
      🔨 https://plugins.jetbrains.com/plugin/6351-dart
    • android-studio-dir = C:\Program Files\Android\Android Studio
    • Java version OpenJDK Runtime Environment (build 21.0.3+-12282718-b509.11)

[✓] VS Code (version 1.87.2)
    • VS Code at C:\Users\hardi\AppData\Local\Programs\Microsoft VS Code
    • Flutter extension version 3.86.0

[✓] VS Code (version 1.95.0-insider)
    • VS Code at C:\Users\hardi\AppData\Local\Programs\Microsoft VS Code Insiders
    • Flutter extension version 3.99.20240930

[✓] Connected device (4 available)
    • sdk gphone64 x86 64 (mobile) • emulator-5554 • android-x64    • Android 14 (API 34) (emulator)
    • Windows (desktop)            • windows       • windows-x64    • Microsoft Windows [Version 10.0.22631.4391]
    • Chrome (web)                 • chrome        • web-javascript • Google Chrome 130.0.6723.92
    • Edge (web)                   • edge          • web-javascript • Microsoft Edge 130.0.2849.68

[✓] Network resources
    • All expected network resources are available.

• No issues found!
```
